[2016-12-15 08:36:16] Functions.INFO: Database connection succeeded. [] []
[2016-12-15 08:36:16] Functions.DEBUG: Query successfully executed : SELECT userID FROM utilisateur WHERE adresseCourriel = :email [] []
[2016-12-15 08:37:10] Functions.INFO: Database connection succeeded. [] []
[2016-12-15 08:37:10] Functions.DEBUG: Query successfully executed : SELECT userID FROM utilisateur WHERE adresseCourriel = :email [] []
[2016-12-15 08:37:10] Functions.DEBUG: Query successfully executed : INSERT INTO utilisateur (prenom, nom, adresseCourriel, password) VALUES (:firstName, :lastName, :email, :password) [] []
[2016-12-15 08:37:10] Functions.INFO: User landa.mcharek@univ-lille1.fr successfully created. [] []
[2016-12-15 08:37:49] Functions.INFO: Database connection succeeded. [] []
[2016-12-15 08:37:49] Functions.DEBUG: Query successfully executed : SELECT userID FROM utilisateur WHERE adresseCourriel = :email [] []
[2016-12-15 08:38:14] Functions.INFO: Database connection succeeded. [] []
[2016-12-15 08:38:14] Functions.DEBUG: Query successfully executed : SELECT userID FROM utilisateur WHERE adresseCourriel = :email [] []
[2016-12-15 08:38:14] Functions.DEBUG: Query successfully executed : INSERT INTO utilisateur (prenom, nom, adresseCourriel, password) VALUES (:firstName, :lastName, :email, :password) [] []
[2016-12-15 08:38:14] Functions.INFO: User mchareklinda@hotmail.fr successfully created. [] []
[2016-12-15 08:38:14] Functions.DEBUG: Query successfully executed : SELECT userID FROM utilisateur WHERE adresseCourriel = :email [] []
[2016-12-15 08:47:03] Functions.INFO: Database connection succeeded. [] []
[2016-12-15 08:47:03] Functions.DEBUG: Query successfully executed : SELECT * FROM cinema [] []
[2016-12-15 08:47:06] Functions.INFO: Database connection succeeded. [] []
[2016-12-15 08:47:06] Functions.DEBUG: Query successfully executed : SELECT * FROM cinema [] []
[2016-12-15 08:47:15] Functions.INFO: Database connection succeeded. [] []
[2016-12-15 08:47:15] Functions.DEBUG: Query successfully executed : SELECT password FROM utilisateur WHERE adresseCourriel = :email [] []
[2016-12-15 08:47:15] Functions.INFO: User admin@adm.adm now connected. [] []
[2016-12-15 08:47:15] Functions.DEBUG: Query successfully executed : SELECT userID FROM utilisateur WHERE adresseCourriel = :email [] []
[2016-12-15 08:47:17] Functions.INFO: Database connection succeeded. [] []
[2016-12-15 08:47:17] Functions.DEBUG: Query successfully executed : SELECT * FROM cinema [] []
[2016-12-15 08:47:19] Functions.INFO: Database connection succeeded. [] []
[2016-12-15 08:47:19] Functions.DEBUG: Query successfully executed : SELECT * FROM cinema WHERE cinemaID = 1 [] []
[2016-12-15 08:47:21] Functions.INFO: Database connection succeeded. [] []
[2016-12-15 08:47:21] Functions.DEBUG: Query successfully executed : UPDATE cinema SET denomination = 'Décavision', adresse = '7 avenue de Brogny, 74000 ANNECY' WHERE cinemaID = 1 [] []
[2016-12-15 08:47:21] Functions.INFO: Database connection succeeded. [] []
[2016-12-15 08:47:21] Functions.DEBUG: Query successfully executed : SELECT * FROM cinema [] []
[2016-12-15 08:47:29] Functions.INFO: Database connection succeeded. [] []
[2016-12-15 08:47:29] Functions.DEBUG: Query successfully executed : INSERT INTO cinema (denomination, adresse) VALUES (:denomination, :adresse) [] []
[2016-12-15 08:47:29] Functions.INFO: Cinema kinepolis successfully added. [] []
[2016-12-15 08:47:29] Functions.INFO: Database connection succeeded. [] []
[2016-12-15 08:47:29] Functions.DEBUG: Query successfully executed : SELECT * FROM cinema [] []
[2016-12-15 08:47:32] Functions.INFO: Database connection succeeded. [] []
[2016-12-15 08:47:32] Functions.DEBUG: Query successfully executed : DELETE FROM seance WHERE cinemaID = :cinemaID  [] []
[2016-12-15 08:47:32] Functions.INFO: Showtime for the movie  ... and the cinema 3 successfully deleted. [] []
[2016-12-15 08:47:32] Functions.DEBUG: Query successfully executed : DELETE FROM cinema WHERE cinemaID = 3 [] []
[2016-12-15 08:47:32] Functions.INFO: Cinema 3 successfully deleted. [] []
[2016-12-15 08:47:32] Functions.INFO: Database connection succeeded. [] []
[2016-12-15 08:47:32] Functions.DEBUG: Query successfully executed : SELECT * FROM cinema [] []
[2016-12-15 08:52:56] Functions.INFO: Database connection succeeded. [] []
[2016-12-15 08:52:56] Functions.DEBUG: Query successfully executed : SELECT userID, prenom, nom FROM utilisateur WHERE adresseCourriel = :email [] []
[2016-12-15 08:52:56] Functions.DEBUG: Query successfully executed : SELECT f.filmID, f.titre, p.commentaire from film f INNER JOIN prefere p ON f.filmID = p.filmID AND p.userID = 20 [] []
[2016-12-15 08:52:56] Functions.DEBUG: Query successfully executed : SELECT * FROM film [] []
[2016-12-15 08:52:58] Functions.INFO: Database connection succeeded. [] []
[2016-12-15 08:52:58] Functions.DEBUG: Query successfully executed : SELECT f.titre, p.userID, p.filmID, p.commentaire FROM prefere p INNER JOIN film f ON p.filmID = f.filmID WHERE p.userID = 20 AND p.filmID = 1 [] []
[2016-12-15 08:52:58] Functions.DEBUG: Query successfully executed : SELECT f.filmID, f.titre FROM film f WHERE f.filmID NOT IN (SELECT filmID FROM prefere WHERE userID = :id) [] []
[2016-12-15 08:53:00] Functions.INFO: Database connection succeeded. [] []
[2016-12-15 08:53:00] Functions.DEBUG: Query successfully executed : UPDATE prefere SET commentaire = '' WHERE filmID = 1 AND userID = 20 [] []
[2016-12-15 08:53:00] Functions.INFO: Database connection succeeded. [] []
[2016-12-15 08:53:00] Functions.DEBUG: Query successfully executed : SELECT userID, prenom, nom FROM utilisateur WHERE adresseCourriel = :email [] []
[2016-12-15 08:53:00] Functions.DEBUG: Query successfully executed : SELECT f.filmID, f.titre, p.commentaire from film f INNER JOIN prefere p ON f.filmID = p.filmID AND p.userID = 20 [] []
[2016-12-15 08:53:00] Functions.DEBUG: Query successfully executed : SELECT * FROM film [] []
[2016-12-15 08:53:01] Functions.INFO: Database connection succeeded. [] []
[2016-12-15 08:53:01] Functions.DEBUG: Query successfully executed : SELECT f.filmID, f.titre FROM film f WHERE f.filmID NOT IN (SELECT filmID FROM prefere WHERE userID = :id) [] []
[2016-12-15 08:53:13] Functions.INFO: Database connection succeeded. [] []
[2016-12-15 08:53:13] Functions.DEBUG: Query successfully executed : INSERT INTO prefere (filmID, userID, commentaire) VALUES (:filmID, :userID, :comment) [] []
[2016-12-15 08:53:13] Functions.INFO: Movie 2 successfully added to 20's preferences. [] []
[2016-12-15 08:53:13] Functions.INFO: Database connection succeeded. [] []
[2016-12-15 08:53:13] Functions.DEBUG: Query successfully executed : SELECT userID, prenom, nom FROM utilisateur WHERE adresseCourriel = :email [] []
[2016-12-15 08:53:13] Functions.DEBUG: Query successfully executed : SELECT f.filmID, f.titre, p.commentaire from film f INNER JOIN prefere p ON f.filmID = p.filmID AND p.userID = 20 [] []
[2016-12-15 08:53:13] Functions.DEBUG: Query successfully executed : SELECT * FROM film [] []
[2016-12-15 08:53:15] Functions.INFO: Database connection succeeded. [] []
[2016-12-15 08:53:15] Functions.DEBUG: Query successfully executed : DELETE FROM prefere WHERE userID = 20 AND filmID = 2 [] []
[2016-12-15 08:53:15] Functions.INFO: Movie 2 successfully deleted from 20's preferences. [] []
[2016-12-15 08:53:15] Functions.INFO: Database connection succeeded. [] []
[2016-12-15 08:53:15] Functions.DEBUG: Query successfully executed : SELECT userID, prenom, nom FROM utilisateur WHERE adresseCourriel = :email [] []
[2016-12-15 08:53:15] Functions.DEBUG: Query successfully executed : SELECT f.filmID, f.titre, p.commentaire from film f INNER JOIN prefere p ON f.filmID = p.filmID AND p.userID = 20 [] []
[2016-12-15 08:53:15] Functions.DEBUG: Query successfully executed : SELECT * FROM film [] []
[2016-12-15 09:02:55] Functions.INFO: Database connection succeeded. [] []
[2016-12-15 09:02:55] Functions.DEBUG: Query successfully executed : SELECT userID, prenom, nom FROM utilisateur WHERE adresseCourriel = :email [] []
[2016-12-15 09:02:55] Functions.DEBUG: Query successfully executed : SELECT f.filmID, f.titre, p.commentaire from film f INNER JOIN prefere p ON f.filmID = p.filmID AND p.userID = 20 [] []
[2016-12-15 09:02:55] Functions.DEBUG: Query successfully executed : SELECT * FROM film [] []
[2016-12-15 09:02:57] Functions.INFO: Database connection succeeded. [] []
[2016-12-15 09:02:57] Functions.DEBUG: Query successfully executed : SELECT f.titre, p.userID, p.filmID, p.commentaire FROM prefere p INNER JOIN film f ON p.filmID = f.filmID WHERE p.userID = 20 AND p.filmID = 1 [] []
[2016-12-15 09:02:57] Functions.DEBUG: Query successfully executed : SELECT f.filmID, f.titre FROM film f WHERE f.filmID NOT IN (SELECT filmID FROM prefere WHERE userID = :id) [] []
[2016-12-15 09:03:02] Functions.INFO: Database connection succeeded. [] []
[2016-12-15 09:03:02] Functions.DEBUG: Query successfully executed : UPDATE prefere SET commentaire = 'coool' WHERE filmID = 1 AND userID = 20 [] []
[2016-12-15 09:03:02] Functions.INFO: Database connection succeeded. [] []
[2016-12-15 09:03:02] Functions.DEBUG: Query successfully executed : SELECT userID, prenom, nom FROM utilisateur WHERE adresseCourriel = :email [] []
[2016-12-15 09:03:02] Functions.DEBUG: Query successfully executed : SELECT f.filmID, f.titre, p.commentaire from film f INNER JOIN prefere p ON f.filmID = p.filmID AND p.userID = 20 [] []
[2016-12-15 09:03:02] Functions.DEBUG: Query successfully executed : SELECT * FROM film [] []
[2016-12-15 09:03:04] Functions.INFO: Database connection succeeded. [] []
[2016-12-15 09:03:04] Functions.DEBUG: Query successfully executed : DELETE FROM prefere WHERE userID = 20 AND filmID = 1 [] []
[2016-12-15 09:03:04] Functions.INFO: Movie 1 successfully deleted from 20's preferences. [] []
[2016-12-15 09:03:04] Functions.INFO: Database connection succeeded. [] []
[2016-12-15 09:03:04] Functions.DEBUG: Query successfully executed : SELECT userID, prenom, nom FROM utilisateur WHERE adresseCourriel = :email [] []
[2016-12-15 09:03:04] Functions.DEBUG: Query successfully executed : SELECT f.filmID, f.titre, p.commentaire from film f INNER JOIN prefere p ON f.filmID = p.filmID AND p.userID = 20 [] []
[2016-12-15 09:03:04] Functions.DEBUG: Query successfully executed : SELECT * FROM film [] []
[2016-12-15 09:03:06] Functions.INFO: Database connection succeeded. [] []
[2016-12-15 09:03:06] Functions.DEBUG: Query successfully executed : SELECT * FROM cinema [] []
[2016-12-15 09:03:07] Functions.INFO: Database connection succeeded. [] []
[2016-12-15 09:03:07] Functions.DEBUG: Query successfully executed : SELECT * FROM cinema WHERE cinemaID = 1 [] []
[2016-12-15 09:03:07] Functions.DEBUG: Query successfully executed : SELECT f.filmID, f.titre FROM film f WHERE f.filmID NOT IN (SELECT filmID FROM seance WHERE cinemaID = :id) [] []
[2016-12-15 09:03:07] Functions.DEBUG: Query successfully executed : SELECT DISTINCT f.* FROM film f INNER JOIN seance s ON f.filmID = s.filmID AND s.cinemaID = 1 [] []
[2016-12-15 09:03:07] Functions.DEBUG: Query successfully executed : SELECT s.* FROM seance s WHERE s.filmID = 2 AND s.cinemaID = 1 [] []
[2016-12-15 09:03:07] Functions.DEBUG: Query successfully executed : SELECT s.* FROM seance s WHERE s.filmID = 3 AND s.cinemaID = 1 [] []
[2016-12-15 09:03:10] Functions.INFO: Database connection succeeded. [] []
[2016-12-15 09:03:10] Functions.DEBUG: Query successfully executed : SELECT * FROM cinema WHERE cinemaID = 1 [] []
[2016-12-15 09:03:10] Functions.DEBUG: Query successfully executed : SELECT * FROM film WHERE filmID = 4 [] []
[2016-12-15 09:09:22] Functions.INFO: Database connection succeeded. [] []
[2016-12-15 09:09:22] Functions.DEBUG: Query successfully executed : SELECT * FROM cinema [] []
[2016-12-15 09:09:29] Functions.INFO: Database connection succeeded. [] []
[2016-12-15 09:09:29] Functions.DEBUG: Query successfully executed : INSERT INTO cinema (denomination, adresse) VALUES (:denomination, :adresse) [] []
[2016-12-15 09:09:29] Functions.INFO: Cinema kinepolis successfully added. [] []
[2016-12-15 09:09:29] Functions.INFO: Database connection succeeded. [] []
[2016-12-15 09:09:29] Functions.DEBUG: Query successfully executed : SELECT * FROM cinema [] []
[2016-12-15 09:09:36] Functions.INFO: Database connection succeeded. [] []
[2016-12-15 09:09:36] Functions.DEBUG: Query successfully executed : SELECT * FROM cinema WHERE cinemaID = 4 [] []
[2016-12-15 09:09:36] Functions.DEBUG: Query successfully executed : SELECT f.filmID, f.titre FROM film f WHERE f.filmID NOT IN (SELECT filmID FROM seance WHERE cinemaID = :id) [] []
[2016-12-15 09:09:36] Functions.DEBUG: Query successfully executed : SELECT DISTINCT f.* FROM film f INNER JOIN seance s ON f.filmID = s.filmID AND s.cinemaID = 4 [] []
[2016-12-15 09:10:57] Functions.INFO: Database connection succeeded. [] []
[2016-12-15 09:10:57] Functions.DEBUG: Query successfully executed : SELECT * FROM film [] []
[2016-12-15 09:10:58] Functions.INFO: Database connection succeeded. [] []
[2016-12-15 09:10:58] Functions.DEBUG: Query successfully executed : SELECT * FROM film WHERE filmID = 1 [] []
[2016-12-15 09:10:58] Functions.DEBUG: Query successfully executed : SELECT c.cinemaID, c.denomination FROM cinema c WHERE c.cinemaID NOT IN (SELECT cinemaID FROM seance WHERE filmID = :id) [] []
[2016-12-15 09:10:58] Functions.DEBUG: Query successfully executed : SELECT DISTINCT c.* FROM cinema c INNER JOIN seance s ON c.cinemaID = s.cinemaID AND s.filmID = 1 [] []
[2016-12-15 09:10:58] Functions.DEBUG: Query successfully executed : SELECT s.* FROM seance s WHERE s.filmID = 1 AND s.cinemaID = 2 [] []
[2016-12-15 09:11:00] Functions.INFO: Database connection succeeded. [] []
[2016-12-15 09:11:00] Functions.DEBUG: Query successfully executed : SELECT * FROM film [] []
[2016-12-15 09:11:02] Functions.INFO: Database connection succeeded. [] []
[2016-12-15 09:11:02] Functions.DEBUG: Query successfully executed : SELECT * FROM cinema [] []
[2016-12-15 09:11:03] Functions.INFO: Database connection succeeded. [] []
[2016-12-15 09:11:03] Functions.DEBUG: Query successfully executed : SELECT * FROM cinema WHERE cinemaID = 1 [] []
[2016-12-15 09:11:03] Functions.DEBUG: Query successfully executed : SELECT f.filmID, f.titre FROM film f WHERE f.filmID NOT IN (SELECT filmID FROM seance WHERE cinemaID = :id) [] []
[2016-12-15 09:11:03] Functions.DEBUG: Query successfully executed : SELECT DISTINCT f.* FROM film f INNER JOIN seance s ON f.filmID = s.filmID AND s.cinemaID = 1 [] []
[2016-12-15 09:11:03] Functions.DEBUG: Query successfully executed : SELECT s.* FROM seance s WHERE s.filmID = 2 AND s.cinemaID = 1 [] []
[2016-12-15 09:11:03] Functions.DEBUG: Query successfully executed : SELECT s.* FROM seance s WHERE s.filmID = 3 AND s.cinemaID = 1 [] []
[2016-12-15 09:11:06] Functions.INFO: Database connection succeeded. [] []
[2016-12-15 09:11:06] Functions.DEBUG: Query successfully executed : SELECT * FROM cinema WHERE cinemaID = 1 [] []
[2016-12-15 09:11:06] Functions.DEBUG: Query successfully executed : SELECT * FROM film WHERE filmID = 1 [] []
[2016-12-15 09:11:23] Functions.INFO: Database connection succeeded. [] []
[2016-12-15 09:11:23] Functions.DEBUG: Query successfully executed : SELECT * FROM cinema WHERE cinemaID = 1 [] []
[2016-12-15 09:11:23] Functions.DEBUG: Query successfully executed : SELECT * FROM film WHERE filmID = 1 [] []
[2016-12-15 09:11:28] Functions.INFO: Database connection succeeded. [] []
[2016-12-15 09:11:28] Functions.DEBUG: Query successfully executed : SELECT * FROM cinema WHERE cinemaID = 1 [] []
[2016-12-15 09:11:28] Functions.DEBUG: Query successfully executed : SELECT f.filmID, f.titre FROM film f WHERE f.filmID NOT IN (SELECT filmID FROM seance WHERE cinemaID = :id) [] []
[2016-12-15 09:11:28] Functions.DEBUG: Query successfully executed : SELECT DISTINCT f.* FROM film f INNER JOIN seance s ON f.filmID = s.filmID AND s.cinemaID = 1 [] []
[2016-12-15 09:11:28] Functions.DEBUG: Query successfully executed : SELECT s.* FROM seance s WHERE s.filmID = 2 AND s.cinemaID = 1 [] []
[2016-12-15 09:11:28] Functions.DEBUG: Query successfully executed : SELECT s.* FROM seance s WHERE s.filmID = 3 AND s.cinemaID = 1 [] []
[2016-12-15 09:11:30] Functions.INFO: Database connection succeeded. [] []
[2016-12-15 09:11:30] Functions.DEBUG: Query successfully executed : SELECT * FROM cinema [] []
[2016-12-15 09:11:32] Functions.INFO: Database connection succeeded. [] []
[2016-12-15 09:11:32] Functions.DEBUG: Query successfully executed : SELECT * FROM cinema WHERE cinemaID = 4 [] []
[2016-12-15 09:11:32] Functions.DEBUG: Query successfully executed : SELECT f.filmID, f.titre FROM film f WHERE f.filmID NOT IN (SELECT filmID FROM seance WHERE cinemaID = :id) [] []
[2016-12-15 09:11:32] Functions.DEBUG: Query successfully executed : SELECT DISTINCT f.* FROM film f INNER JOIN seance s ON f.filmID = s.filmID AND s.cinemaID = 4 [] []
[2016-12-15 09:15:56] Functions.INFO: Database connection succeeded. [] []
[2016-12-15 09:15:56] Functions.DEBUG: Query successfully executed : SELECT * FROM cinema [] []
[2016-12-15 09:15:57] Functions.INFO: Database connection succeeded. [] []
[2016-12-15 09:15:57] Functions.DEBUG: Query successfully executed : SELECT * FROM cinema WHERE cinemaID = 1 [] []
[2016-12-15 09:15:57] Functions.DEBUG: Query successfully executed : SELECT f.filmID, f.titre FROM film f WHERE f.filmID NOT IN (SELECT filmID FROM seance WHERE cinemaID = :id) [] []
[2016-12-15 09:15:57] Functions.DEBUG: Query successfully executed : SELECT DISTINCT f.* FROM film f INNER JOIN seance s ON f.filmID = s.filmID AND s.cinemaID = 1 [] []
[2016-12-15 09:15:57] Functions.DEBUG: Query successfully executed : SELECT s.* FROM seance s WHERE s.filmID = 2 AND s.cinemaID = 1 [] []
[2016-12-15 09:15:57] Functions.DEBUG: Query successfully executed : SELECT s.* FROM seance s WHERE s.filmID = 3 AND s.cinemaID = 1 [] []
[2016-12-15 09:15:58] Functions.INFO: Database connection succeeded. [] []
[2016-12-15 09:15:58] Functions.DEBUG: Query successfully executed : SELECT * FROM cinema WHERE cinemaID = 1 [] []
[2016-12-15 09:15:58] Functions.DEBUG: Query successfully executed : SELECT * FROM film WHERE filmID = 1 [] []
[2016-12-15 09:16:43] Functions.INFO: Database connection succeeded. [] []
[2016-12-15 09:16:43] Functions.DEBUG: Query successfully executed : SELECT * FROM cinema WHERE cinemaID = 1 [] []
[2016-12-15 09:16:43] Functions.DEBUG: Query successfully executed : SELECT * FROM film WHERE filmID = 1 [] []
[2016-12-15 09:16:44] Functions.INFO: Database connection succeeded. [] []
[2016-12-15 09:16:44] Functions.DEBUG: Query successfully executed : INSERT INTO seance (cinemaID, filmID, heureDebut, heureFin, version) VALUES (:cinemaID, :filmID, :heureDebut, :heureFin, :version) [] []
[2016-12-15 09:16:44] Functions.INFO: Showtime for the movie 1 at the 1 successfully added. [] []
[2016-12-15 09:16:44] Functions.INFO: Database connection succeeded. [] []
[2016-12-15 09:16:44] Functions.DEBUG: Query successfully executed : SELECT * FROM cinema WHERE cinemaID = 1 [] []
[2016-12-15 09:16:44] Functions.DEBUG: Query successfully executed : SELECT f.filmID, f.titre FROM film f WHERE f.filmID NOT IN (SELECT filmID FROM seance WHERE cinemaID = :id) [] []
[2016-12-15 09:16:44] Functions.DEBUG: Query successfully executed : SELECT DISTINCT f.* FROM film f INNER JOIN seance s ON f.filmID = s.filmID AND s.cinemaID = 1 [] []
[2016-12-15 09:16:44] Functions.DEBUG: Query successfully executed : SELECT s.* FROM seance s WHERE s.filmID = 1 AND s.cinemaID = 1 [] []
[2016-12-15 09:16:44] Functions.DEBUG: Query successfully executed : SELECT s.* FROM seance s WHERE s.filmID = 2 AND s.cinemaID = 1 [] []
[2016-12-15 09:16:44] Functions.DEBUG: Query successfully executed : SELECT s.* FROM seance s WHERE s.filmID = 3 AND s.cinemaID = 1 [] []
[2016-12-15 09:16:48] Functions.INFO: Database connection succeeded. [] []
[2016-12-15 09:16:48] Functions.DEBUG: Query successfully executed : SELECT * FROM cinema [] []
[2016-12-15 09:16:56] Functions.INFO: Database connection succeeded. [] []
[2016-12-15 09:16:56] Functions.DEBUG: Query successfully executed : INSERT INTO cinema (denomination, adresse) VALUES (:denomination, :adresse) [] []
[2016-12-15 09:16:56] Functions.INFO: Cinema kinepolis successfully added. [] []
[2016-12-15 09:16:56] Functions.INFO: Database connection succeeded. [] []
[2016-12-15 09:16:56] Functions.DEBUG: Query successfully executed : SELECT * FROM cinema [] []
[2016-12-15 09:16:57] Functions.INFO: Database connection succeeded. [] []
[2016-12-15 09:16:57] Functions.DEBUG: Query successfully executed : SELECT * FROM cinema WHERE cinemaID = 5 [] []
[2016-12-15 09:16:57] Functions.DEBUG: Query successfully executed : SELECT f.filmID, f.titre FROM film f WHERE f.filmID NOT IN (SELECT filmID FROM seance WHERE cinemaID = :id) [] []
[2016-12-15 09:16:57] Functions.DEBUG: Query successfully executed : SELECT DISTINCT f.* FROM film f INNER JOIN seance s ON f.filmID = s.filmID AND s.cinemaID = 5 [] []
[2016-12-15 09:17:30] Functions.INFO: Database connection succeeded. [] []
[2016-12-15 09:17:30] Functions.DEBUG: Query successfully executed : SELECT * FROM cinema [] []
[2016-12-15 09:17:32] Functions.INFO: Database connection succeeded. [] []
[2016-12-15 09:17:32] Functions.DEBUG: Query successfully executed : SELECT * FROM cinema WHERE cinemaID = 5 [] []
[2016-12-15 09:17:32] Functions.DEBUG: Query successfully executed : SELECT f.filmID, f.titre FROM film f WHERE f.filmID NOT IN (SELECT filmID FROM seance WHERE cinemaID = :id) [] []
[2016-12-15 09:17:32] Functions.DEBUG: Query successfully executed : SELECT DISTINCT f.* FROM film f INNER JOIN seance s ON f.filmID = s.filmID AND s.cinemaID = 5 [] []
[2016-12-15 09:17:35] Functions.INFO: Database connection succeeded. [] []
[2016-12-15 09:17:35] Functions.DEBUG: Query successfully executed : SELECT * FROM cinema WHERE cinemaID = 5 [] []
[2016-12-15 09:17:35] Functions.DEBUG: Query successfully executed : SELECT * FROM film WHERE filmID = 2 [] []
[2016-12-15 09:17:42] Functions.INFO: Database connection succeeded. [] []
[2016-12-15 09:17:42] Functions.DEBUG: Query successfully executed : INSERT INTO seance (cinemaID, filmID, heureDebut, heureFin, version) VALUES (:cinemaID, :filmID, :heureDebut, :heureFin, :version) [] []
[2016-12-15 09:17:42] Functions.INFO: Showtime for the movie 2 at the 5 successfully added. [] []
[2016-12-15 09:17:42] Functions.INFO: Database connection succeeded. [] []
[2016-12-15 09:17:42] Functions.DEBUG: Query successfully executed : SELECT * FROM cinema WHERE cinemaID = 5 [] []
[2016-12-15 09:17:42] Functions.DEBUG: Query successfully executed : SELECT f.filmID, f.titre FROM film f WHERE f.filmID NOT IN (SELECT filmID FROM seance WHERE cinemaID = :id) [] []
[2016-12-15 09:17:42] Functions.DEBUG: Query successfully executed : SELECT DISTINCT f.* FROM film f INNER JOIN seance s ON f.filmID = s.filmID AND s.cinemaID = 5 [] []
[2016-12-15 09:17:42] Functions.DEBUG: Query successfully executed : SELECT s.* FROM seance s WHERE s.filmID = 2 AND s.cinemaID = 5 [] []
[2016-12-15 09:17:45] Functions.INFO: Database connection succeeded. [] []
[2016-12-15 09:17:45] Functions.DEBUG: Query successfully executed : SELECT * FROM cinema WHERE cinemaID = 5 [] []
[2016-12-15 09:17:45] Functions.DEBUG: Query successfully executed : SELECT * FROM film WHERE filmID = 2 [] []
[2016-12-15 09:17:51] Functions.INFO: Database connection succeeded. [] []
[2016-12-15 09:17:54] Functions.INFO: Database connection succeeded. [] []
[2016-12-15 09:17:54] Functions.DEBUG: Query successfully executed : SELECT * FROM cinema WHERE cinemaID = 5 [] []
[2016-12-15 09:17:54] Functions.DEBUG: Query successfully executed : SELECT * FROM film WHERE filmID = 2 [] []
[2016-12-15 09:17:55] Functions.INFO: Database connection succeeded. [] []
[2016-12-15 09:17:55] Functions.DEBUG: Query successfully executed : SELECT * FROM cinema WHERE cinemaID = 5 [] []
[2016-12-15 09:17:55] Functions.DEBUG: Query successfully executed : SELECT f.filmID, f.titre FROM film f WHERE f.filmID NOT IN (SELECT filmID FROM seance WHERE cinemaID = :id) [] []
[2016-12-15 09:17:55] Functions.DEBUG: Query successfully executed : SELECT DISTINCT f.* FROM film f INNER JOIN seance s ON f.filmID = s.filmID AND s.cinemaID = 5 [] []
[2016-12-15 09:17:55] Functions.DEBUG: Query successfully executed : SELECT s.* FROM seance s WHERE s.filmID = 2 AND s.cinemaID = 5 [] []
[2016-12-15 09:17:57] Functions.INFO: Database connection succeeded. [] []
[2016-12-15 09:17:57] Functions.DEBUG: Query successfully executed : SELECT * FROM cinema [] []
[2016-12-15 09:18:23] Functions.INFO: Database connection succeeded. [] []
[2016-12-15 09:18:23] Functions.DEBUG: Query successfully executed : SELECT * FROM film [] []
[2016-12-15 09:18:24] Functions.INFO: Database connection succeeded. [] []
[2016-12-15 09:18:24] Functions.DEBUG: Query successfully executed : SELECT * FROM film WHERE filmID = 1 [] []
[2016-12-15 09:18:24] Functions.DEBUG: Query successfully executed : SELECT c.cinemaID, c.denomination FROM cinema c WHERE c.cinemaID NOT IN (SELECT cinemaID FROM seance WHERE filmID = :id) [] []
[2016-12-15 09:18:24] Functions.DEBUG: Query successfully executed : SELECT DISTINCT c.* FROM cinema c INNER JOIN seance s ON c.cinemaID = s.cinemaID AND s.filmID = 1 [] []
[2016-12-15 09:18:24] Functions.DEBUG: Query successfully executed : SELECT s.* FROM seance s WHERE s.filmID = 1 AND s.cinemaID = 1 [] []
[2016-12-15 09:18:24] Functions.DEBUG: Query successfully executed : SELECT s.* FROM seance s WHERE s.filmID = 1 AND s.cinemaID = 2 [] []
[2016-12-15 09:18:27] Functions.INFO: Database connection succeeded. [] []
[2016-12-15 09:18:27] Functions.DEBUG: Query successfully executed : SELECT * FROM cinema WHERE cinemaID = 4 [] []
[2016-12-15 09:18:27] Functions.DEBUG: Query successfully executed : SELECT * FROM film WHERE filmID = 1 [] []
[2016-12-15 09:18:35] Functions.INFO: Database connection succeeded. [] []
[2016-12-15 09:18:35] Functions.DEBUG: Query successfully executed : INSERT INTO seance (cinemaID, filmID, heureDebut, heureFin, version) VALUES (:cinemaID, :filmID, :heureDebut, :heureFin, :version) [] []
[2016-12-15 09:18:35] Functions.INFO: Showtime for the movie 1 at the 4 successfully added. [] []
[2016-12-15 09:18:35] Functions.INFO: Database connection succeeded. [] []
[2016-12-15 09:18:35] Functions.DEBUG: Query successfully executed : SELECT * FROM cinema WHERE cinemaID = 4 [] []
[2016-12-15 09:18:35] Functions.DEBUG: Query successfully executed : SELECT f.filmID, f.titre FROM film f WHERE f.filmID NOT IN (SELECT filmID FROM seance WHERE cinemaID = :id) [] []
[2016-12-15 09:18:35] Functions.DEBUG: Query successfully executed : SELECT DISTINCT f.* FROM film f INNER JOIN seance s ON f.filmID = s.filmID AND s.cinemaID = 4 [] []
[2016-12-15 09:18:35] Functions.DEBUG: Query successfully executed : SELECT s.* FROM seance s WHERE s.filmID = 1 AND s.cinemaID = 4 [] []
[2016-12-15 09:18:36] Functions.INFO: Database connection succeeded. [] []
[2016-12-15 09:18:36] Functions.DEBUG: Query successfully executed : SELECT * FROM cinema [] []
[2016-12-15 09:39:17] Functions.INFO: Database connection succeeded. [] []
[2016-12-15 09:39:17] Functions.DEBUG: Query successfully executed : SELECT * FROM cinema [] []
[2016-12-15 09:39:19] Functions.INFO: Database connection succeeded. [] []
[2016-12-15 09:39:19] Functions.DEBUG: Query successfully executed : SELECT userID, prenom, nom FROM utilisateur WHERE adresseCourriel = :email [] []
[2016-12-15 09:39:19] Functions.DEBUG: Query successfully executed : SELECT f.filmID, f.titre, p.commentaire from film f INNER JOIN prefere p ON f.filmID = p.filmID AND p.userID = 19 [] []
[2016-12-15 09:39:19] Functions.DEBUG: Query successfully executed : SELECT * FROM film [] []
[2016-12-15 09:39:20] Functions.INFO: Database connection succeeded. [] []
[2016-12-15 09:39:20] Functions.DEBUG: Query successfully executed : SELECT f.filmID, f.titre FROM film f WHERE f.filmID NOT IN (SELECT filmID FROM prefere WHERE userID = :id) [] []
[2016-12-15 09:39:21] Functions.INFO: Database connection succeeded. [] []
[2016-12-15 09:39:21] Functions.DEBUG: Query successfully executed : INSERT INTO prefere (filmID, userID, commentaire) VALUES (:filmID, :userID, :comment) [] []
[2016-12-15 09:39:21] Functions.INFO: Movie 4 successfully added to 19's preferences. [] []
[2016-12-15 09:39:21] Functions.INFO: Database connection succeeded. [] []
[2016-12-15 09:39:21] Functions.DEBUG: Query successfully executed : SELECT userID, prenom, nom FROM utilisateur WHERE adresseCourriel = :email [] []
[2016-12-15 09:39:21] Functions.DEBUG: Query successfully executed : SELECT f.filmID, f.titre, p.commentaire from film f INNER JOIN prefere p ON f.filmID = p.filmID AND p.userID = 19 [] []
[2016-12-15 09:39:21] Functions.DEBUG: Query successfully executed : SELECT * FROM film [] []
[2016-12-15 09:39:22] Functions.INFO: Database connection succeeded. [] []
[2016-12-15 09:39:22] Functions.DEBUG: Query successfully executed : SELECT * FROM film [] []
[2016-12-15 09:39:24] Functions.INFO: Database connection succeeded. [] []
[2016-12-15 09:39:24] Functions.DEBUG: Query successfully executed : SELECT * FROM film WHERE filmID = 2 [] []
[2016-12-15 09:39:24] Functions.DEBUG: Query successfully executed : SELECT c.cinemaID, c.denomination FROM cinema c WHERE c.cinemaID NOT IN (SELECT cinemaID FROM seance WHERE filmID = :id) [] []
[2016-12-15 09:39:24] Functions.DEBUG: Query successfully executed : SELECT DISTINCT c.* FROM cinema c INNER JOIN seance s ON c.cinemaID = s.cinemaID AND s.filmID = 2 [] []
[2016-12-15 09:39:24] Functions.DEBUG: Query successfully executed : SELECT s.* FROM seance s WHERE s.filmID = 2 AND s.cinemaID = 1 [] []
[2016-12-15 09:39:24] Functions.DEBUG: Query successfully executed : SELECT s.* FROM seance s WHERE s.filmID = 2 AND s.cinemaID = 2 [] []
[2016-12-15 09:39:24] Functions.INFO: Database connection succeeded. [] []
[2016-12-15 09:39:24] Functions.DEBUG: Query successfully executed : SELECT * FROM film [] []
[2016-12-15 09:39:26] Functions.INFO: Database connection succeeded. [] []
[2016-12-15 09:39:26] Functions.DEBUG: Query successfully executed : SELECT * FROM cinema [] []
[2016-12-15 09:39:27] Functions.INFO: Database connection succeeded. [] []
[2016-12-15 09:39:27] Functions.DEBUG: Query successfully executed : SELECT * FROM cinema WHERE cinemaID = 1 [] []
[2016-12-15 09:39:27] Functions.DEBUG: Query successfully executed : SELECT f.filmID, f.titre FROM film f WHERE f.filmID NOT IN (SELECT filmID FROM seance WHERE cinemaID = :id) [] []
[2016-12-15 09:39:27] Functions.DEBUG: Query successfully executed : SELECT DISTINCT f.* FROM film f INNER JOIN seance s ON f.filmID = s.filmID AND s.cinemaID = 1 [] []
[2016-12-15 09:39:27] Functions.DEBUG: Query successfully executed : SELECT s.* FROM seance s WHERE s.filmID = 2 AND s.cinemaID = 1 [] []
[2016-12-15 09:39:27] Functions.DEBUG: Query successfully executed : SELECT s.* FROM seance s WHERE s.filmID = 3 AND s.cinemaID = 1 [] []
[2016-12-15 09:39:28] Functions.INFO: Database connection succeeded. [] []
[2016-12-15 09:39:28] Functions.DEBUG: Query successfully executed : SELECT * FROM cinema [] []
[2016-12-15 09:39:34] Functions.INFO: Database connection succeeded. [] []
[2016-12-15 09:39:34] Functions.DEBUG: Query successfully executed : SELECT * FROM cinema [] []
[2016-12-15 09:39:35] Functions.INFO: Database connection succeeded. [] []
[2016-12-15 09:39:35] Functions.DEBUG: Query successfully executed : SELECT * FROM cinema WHERE cinemaID = 1 [] []
[2016-12-15 09:39:35] Functions.DEBUG: Query successfully executed : SELECT f.filmID, f.titre FROM film f WHERE f.filmID NOT IN (SELECT filmID FROM seance WHERE cinemaID = :id) [] []
[2016-12-15 09:39:35] Functions.DEBUG: Query successfully executed : SELECT DISTINCT f.* FROM film f INNER JOIN seance s ON f.filmID = s.filmID AND s.cinemaID = 1 [] []
[2016-12-15 09:39:35] Functions.DEBUG: Query successfully executed : SELECT s.* FROM seance s WHERE s.filmID = 2 AND s.cinemaID = 1 [] []
[2016-12-15 09:39:35] Functions.DEBUG: Query successfully executed : SELECT s.* FROM seance s WHERE s.filmID = 3 AND s.cinemaID = 1 [] []
[2016-12-15 09:39:36] Functions.INFO: Database connection succeeded. [] []
[2016-12-15 09:39:36] Functions.DEBUG: Query successfully executed : SELECT * FROM cinema [] []
[2016-12-15 09:39:38] Functions.INFO: Database connection succeeded. [] []
[2016-12-15 09:39:38] Functions.DEBUG: Query successfully executed : SELECT * FROM film [] []
[2016-12-15 09:39:39] Functions.INFO: Database connection succeeded. [] []
[2016-12-15 09:39:39] Functions.DEBUG: Query successfully executed : SELECT * FROM film WHERE filmID = 3 [] []
[2016-12-15 09:39:39] Functions.DEBUG: Query successfully executed : SELECT c.cinemaID, c.denomination FROM cinema c WHERE c.cinemaID NOT IN (SELECT cinemaID FROM seance WHERE filmID = :id) [] []
[2016-12-15 09:39:39] Functions.DEBUG: Query successfully executed : SELECT DISTINCT c.* FROM cinema c INNER JOIN seance s ON c.cinemaID = s.cinemaID AND s.filmID = 3 [] []
[2016-12-15 09:39:39] Functions.DEBUG: Query successfully executed : SELECT s.* FROM seance s WHERE s.filmID = 3 AND s.cinemaID = 1 [] []
[2016-12-15 09:39:40] Functions.INFO: Database connection succeeded. [] []
[2016-12-15 09:39:40] Functions.DEBUG: Query successfully executed : SELECT * FROM film [] []
[2016-12-15 09:50:49] Functions.INFO: Database connection succeeded. [] []
[2016-12-15 09:50:49] Functions.DEBUG: Query successfully executed : SELECT userID, prenom, nom FROM utilisateur WHERE adresseCourriel = :email [] []
[2016-12-15 09:50:49] Functions.DEBUG: Query successfully executed : SELECT f.filmID, f.titre, p.commentaire from film f INNER JOIN prefere p ON f.filmID = p.filmID AND p.userID = 19 [] []
[2016-12-15 09:50:49] Functions.DEBUG: Query successfully executed : SELECT * FROM film [] []
[2016-12-15 09:59:24] Functions.INFO: Database connection succeeded. [] []
[2016-12-15 09:59:24] Functions.DEBUG: Query successfully executed : SELECT * FROM cinema [] []
[2016-12-15 10:00:26] Functions.INFO: Database connection succeeded. [] []
[2016-12-15 10:00:26] Functions.DEBUG: Query successfully executed : SELECT * FROM cinema WHERE cinemaID = 1 [] []
[2016-12-15 10:00:26] Functions.DEBUG: Query successfully executed : SELECT f.filmID, f.titre FROM film f WHERE f.filmID NOT IN (SELECT filmID FROM seance WHERE cinemaID = :id) [] []
[2016-12-15 10:00:26] Functions.DEBUG: Query successfully executed : SELECT DISTINCT f.* FROM film f INNER JOIN seance s ON f.filmID = s.filmID AND s.cinemaID = 1 [] []
[2016-12-15 10:00:26] Functions.DEBUG: Query successfully executed : SELECT s.* FROM seance s WHERE s.filmID = 2 AND s.cinemaID = 1 [] []
[2016-12-15 10:00:26] Functions.DEBUG: Query successfully executed : SELECT s.* FROM seance s WHERE s.filmID = 3 AND s.cinemaID = 1 [] []
[2016-12-15 10:00:28] Functions.INFO: Database connection succeeded. [] []
[2016-12-15 10:00:28] Functions.DEBUG: Query successfully executed : SELECT * FROM cinema [] []
[2016-12-15 10:00:29] Functions.INFO: Database connection succeeded. [] []
[2016-12-15 10:00:29] Functions.DEBUG: Query successfully executed : SELECT * FROM cinema WHERE cinemaID = 2 [] []
[2016-12-15 10:00:29] Functions.DEBUG: Query successfully executed : SELECT f.filmID, f.titre FROM film f WHERE f.filmID NOT IN (SELECT filmID FROM seance WHERE cinemaID = :id) [] []
[2016-12-15 10:00:29] Functions.DEBUG: Query successfully executed : SELECT DISTINCT f.* FROM film f INNER JOIN seance s ON f.filmID = s.filmID AND s.cinemaID = 2 [] []
[2016-12-15 10:00:29] Functions.DEBUG: Query successfully executed : SELECT s.* FROM seance s WHERE s.filmID = 1 AND s.cinemaID = 2 [] []
[2016-12-15 10:00:29] Functions.DEBUG: Query successfully executed : SELECT s.* FROM seance s WHERE s.filmID = 2 AND s.cinemaID = 2 [] []
[2016-12-15 10:00:29] Functions.DEBUG: Query successfully executed : SELECT s.* FROM seance s WHERE s.filmID = 4 AND s.cinemaID = 2 [] []
[2016-12-15 10:00:29] Functions.INFO: Database connection succeeded. [] []
[2016-12-15 10:00:29] Functions.DEBUG: Query successfully executed : SELECT * FROM cinema [] []
[2016-12-15 10:00:31] Functions.INFO: Database connection succeeded. [] []
[2016-12-15 10:00:31] Functions.DEBUG: Query successfully executed : SELECT * FROM cinema [] []
[2016-12-15 10:00:32] Functions.INFO: Database connection succeeded. [] []
[2016-12-15 10:00:32] Functions.DEBUG: Query successfully executed : SELECT * FROM cinema WHERE cinemaID = 1 [] []
[2016-12-15 10:00:32] Functions.DEBUG: Query successfully executed : SELECT f.filmID, f.titre FROM film f WHERE f.filmID NOT IN (SELECT filmID FROM seance WHERE cinemaID = :id) [] []
[2016-12-15 10:00:32] Functions.DEBUG: Query successfully executed : SELECT DISTINCT f.* FROM film f INNER JOIN seance s ON f.filmID = s.filmID AND s.cinemaID = 1 [] []
[2016-12-15 10:00:32] Functions.DEBUG: Query successfully executed : SELECT s.* FROM seance s WHERE s.filmID = 2 AND s.cinemaID = 1 [] []
[2016-12-15 10:00:32] Functions.DEBUG: Query successfully executed : SELECT s.* FROM seance s WHERE s.filmID = 3 AND s.cinemaID = 1 [] []
[2016-12-15 10:00:33] Functions.INFO: Database connection succeeded. [] []
[2016-12-15 10:00:33] Functions.DEBUG: Query successfully executed : SELECT * FROM cinema [] []
[2016-12-15 10:00:35] Functions.INFO: Database connection succeeded. [] []
[2016-12-15 10:00:35] Functions.DEBUG: Query successfully executed : SELECT * FROM film [] []
[2016-12-15 10:00:38] Functions.INFO: Database connection succeeded. [] []
[2016-12-15 10:00:38] Functions.DEBUG: Query successfully executed : SELECT password FROM utilisateur WHERE adresseCourriel = :email [] []
[2016-12-15 10:00:38] Functions.INFO: User rp@rp.rp now connected. [] []
[2016-12-15 10:00:38] Functions.DEBUG: Query successfully executed : SELECT userID FROM utilisateur WHERE adresseCourriel = :email [] []
[2016-12-15 10:00:38] Functions.INFO: Database connection succeeded. [] []
[2016-12-15 10:00:38] Functions.DEBUG: Query successfully executed : SELECT userID, prenom, nom FROM utilisateur WHERE adresseCourriel = :email [] []
[2016-12-15 10:00:38] Functions.DEBUG: Query successfully executed : SELECT f.filmID, f.titre, p.commentaire from film f INNER JOIN prefere p ON f.filmID = p.filmID AND p.userID = 19 [] []
[2016-12-15 10:00:38] Functions.DEBUG: Query successfully executed : SELECT * FROM film [] []
[2016-12-15 10:00:40] Functions.INFO: Database connection succeeded. [] []
[2016-12-15 10:00:41] Functions.DEBUG: Query successfully executed : DELETE FROM prefere WHERE userID = 19 AND filmID = 4 [] []
[2016-12-15 10:00:41] Functions.INFO: Movie 4 successfully deleted from 19's preferences. [] []
[2016-12-15 10:00:41] Functions.INFO: Database connection succeeded. [] []
[2016-12-15 10:00:41] Functions.DEBUG: Query successfully executed : SELECT userID, prenom, nom FROM utilisateur WHERE adresseCourriel = :email [] []
[2016-12-15 10:00:41] Functions.DEBUG: Query successfully executed : SELECT f.filmID, f.titre, p.commentaire from film f INNER JOIN prefere p ON f.filmID = p.filmID AND p.userID = 19 [] []
[2016-12-15 10:00:41] Functions.DEBUG: Query successfully executed : SELECT * FROM film [] []
[2016-12-15 10:00:42] Functions.INFO: Database connection succeeded. [] []
[2016-12-15 10:00:42] Functions.DEBUG: Query successfully executed : DELETE FROM prefere WHERE userID = 19 AND filmID = 3 [] []
[2016-12-15 10:00:42] Functions.INFO: Movie 3 successfully deleted from 19's preferences. [] []
[2016-12-15 10:00:42] Functions.INFO: Database connection succeeded. [] []
[2016-12-15 10:00:42] Functions.DEBUG: Query successfully executed : SELECT userID, prenom, nom FROM utilisateur WHERE adresseCourriel = :email [] []
[2016-12-15 10:00:42] Functions.DEBUG: Query successfully executed : SELECT f.filmID, f.titre, p.commentaire from film f INNER JOIN prefere p ON f.filmID = p.filmID AND p.userID = 19 [] []
[2016-12-15 10:00:42] Functions.DEBUG: Query successfully executed : SELECT * FROM film [] []
[2016-12-15 10:00:43] Functions.INFO: Database connection succeeded. [] []
[2016-12-15 10:00:43] Functions.DEBUG: Query successfully executed : SELECT f.titre, p.userID, p.filmID, p.commentaire FROM prefere p INNER JOIN film f ON p.filmID = f.filmID WHERE p.userID = 19 AND p.filmID = 2 [] []
[2016-12-15 10:00:43] Functions.DEBUG: Query successfully executed : SELECT f.filmID, f.titre FROM film f WHERE f.filmID NOT IN (SELECT filmID FROM prefere WHERE userID = :id) [] []
[2016-12-15 10:00:45] Functions.INFO: Database connection succeeded. [] []
[2016-12-15 10:00:45] Functions.DEBUG: Query successfully executed : UPDATE prefere SET commentaire = 'htrhyt' WHERE filmID = 2 AND userID = 19 [] []
[2016-12-15 10:00:45] Functions.INFO: Database connection succeeded. [] []
[2016-12-15 10:00:45] Functions.DEBUG: Query successfully executed : SELECT userID, prenom, nom FROM utilisateur WHERE adresseCourriel = :email [] []
[2016-12-15 10:00:45] Functions.DEBUG: Query successfully executed : SELECT f.filmID, f.titre, p.commentaire from film f INNER JOIN prefere p ON f.filmID = p.filmID AND p.userID = 19 [] []
[2016-12-15 10:00:45] Functions.DEBUG: Query successfully executed : SELECT * FROM film [] []
[2016-12-16 11:11:13] Functions.INFO: Database connection succeeded. [] []
[2016-12-16 11:11:13] Functions.DEBUG: Query successfully executed : SELECT * FROM cinema [] []
[2016-12-16 11:15:51] Functions.INFO: Database connection succeeded. [] []
[2016-12-16 11:15:51] Functions.DEBUG: Query successfully executed : SELECT * FROM cinema [] []
[2016-12-16 11:26:47] Functions.INFO: Database connection succeeded. [] []
[2016-12-16 11:26:47] Functions.DEBUG: Query successfully executed : SELECT * FROM cinema [] []
[2016-12-16 11:28:11] Functions.INFO: Database connection succeeded. [] []
[2016-12-16 11:28:11] Functions.DEBUG: Query successfully executed : SELECT * FROM cinema [] []
[2016-12-16 11:28:37] Functions.INFO: Database connection succeeded. [] []
[2016-12-16 11:28:37] Functions.DEBUG: Query successfully executed : SELECT * FROM cinema [] []
[2016-12-16 11:28:40] Functions.INFO: Database connection succeeded. [] []
[2016-12-16 11:28:40] Functions.DEBUG: Query successfully executed : SELECT * FROM cinema [] []
[2016-12-16 11:28:43] Functions.INFO: Database connection succeeded. [] []
[2016-12-16 11:28:43] Functions.DEBUG: Query successfully executed : SELECT * FROM cinema [] []
[2016-12-16 11:37:36] Functions.INFO: Database connection succeeded. [] []
[2016-12-16 11:37:36] Functions.DEBUG: Query successfully executed : INSERT INTO cinema (denomination, adresse) VALUES (:denomination, :adresse) [] []
[2016-12-16 11:37:36] Functions.INFO: Cinema eee successfully added. [] []
[2016-12-16 11:37:36] Functions.INFO: Database connection succeeded. [] []
[2016-12-16 11:37:36] Functions.DEBUG: Query successfully executed : SELECT * FROM cinema [] []
[2016-12-16 11:37:39] Functions.INFO: Database connection succeeded. [] []
[2016-12-16 11:37:39] Functions.DEBUG: Query successfully executed : SELECT * FROM cinema WHERE cinemaID = 3 [] []
[2016-12-16 11:37:47] Functions.INFO: Database connection succeeded. [] []
[2016-12-16 11:37:47] Functions.DEBUG: Query successfully executed : UPDATE cinema SET denomination = 'andré cinema', adresse = 'aaa' WHERE cinemaID = 3 [] []
[2016-12-16 11:37:47] Functions.INFO: Database connection succeeded. [] []
[2016-12-16 11:37:47] Functions.DEBUG: Query successfully executed : SELECT * FROM cinema [] []
[2016-12-16 11:38:05] Functions.INFO: Database connection succeeded. [] []
[2016-12-16 11:38:05] Functions.DEBUG: Query successfully executed : SELECT * FROM cinema WHERE cinemaID = 3 [] []
[2016-12-16 11:38:08] Functions.INFO: Database connection succeeded. [] []
[2016-12-16 11:38:08] Functions.DEBUG: Query successfully executed : UPDATE cinema SET denomination = 'andré cinema rrr', adresse = 'aaa' WHERE cinemaID = 3 [] []
[2016-12-16 11:38:09] Functions.INFO: Database connection succeeded. [] []
[2016-12-16 11:38:09] Functions.DEBUG: Query successfully executed : SELECT * FROM cinema [] []
[2016-12-16 11:38:10] Functions.INFO: Database connection succeeded. [] []
[2016-12-16 11:38:10] Functions.DEBUG: Query successfully executed : DELETE FROM seance WHERE cinemaID = :cinemaID  [] []
[2016-12-16 11:38:10] Functions.INFO: Showtime for the movie  ... and the cinema 3 successfully deleted. [] []
[2016-12-16 11:38:10] Functions.DEBUG: Query successfully executed : DELETE FROM cinema WHERE cinemaID = 3 [] []
[2016-12-16 11:38:10] Functions.INFO: Cinema 3 successfully deleted. [] []
[2016-12-16 11:38:10] Functions.INFO: Database connection succeeded. [] []
[2016-12-16 11:38:10] Functions.DEBUG: Query successfully executed : SELECT * FROM cinema [] []
[2016-12-16 11:38:22] Functions.INFO: Database connection succeeded. [] []
[2016-12-16 11:38:22] Functions.DEBUG: Query successfully executed : INSERT INTO cinema (denomination, adresse) VALUES (:denomination, :adresse) [] []
[2016-12-16 11:38:22] Functions.INFO: Cinema andré tu nous crois successfully added. [] []
[2016-12-16 11:38:22] Functions.INFO: Database connection succeeded. [] []
[2016-12-16 11:38:22] Functions.DEBUG: Query successfully executed : SELECT * FROM cinema [] []
[2016-12-16 11:38:29] Functions.INFO: Database connection succeeded. [] []
[2016-12-16 11:38:29] Functions.DEBUG: Query successfully executed : DELETE FROM seance WHERE cinemaID = :cinemaID  [] []
[2016-12-16 11:38:29] Functions.INFO: Showtime for the movie  ... and the cinema 4 successfully deleted. [] []
[2016-12-16 11:38:29] Functions.DEBUG: Query successfully executed : DELETE FROM cinema WHERE cinemaID = 4 [] []
[2016-12-16 11:38:29] Functions.INFO: Cinema 4 successfully deleted. [] []
[2016-12-16 11:38:29] Functions.INFO: Database connection succeeded. [] []
[2016-12-16 11:38:29] Functions.DEBUG: Query successfully executed : SELECT * FROM cinema [] []
